<?xml version="1.0" encoding="UTF-8"?>
<testsuite xmlns:xsi="http://www.w3.org/2001/XMLSchema-instance" xsi:noNamespaceSchemaLocation="https://maven.apache.org/surefire/maven-surefire-plugin/xsd/surefire-test-report.xsd" version="3.0.2" name="cn.edu.njupt.NjuptCompetitionManagementApplicationTests" time="2.838" tests="1" errors="0" skipped="0" failures="0">
  <properties>
[...]
</properties>
  <testcase name="contextLoads" classname="cn.edu.njupt.NjuptCompetitionManagementApplicationTests" time="0.652">
    <system-out><![CDATA[19:47:02,026 |-INFO in ch.qos.logback.classic.LoggerContext[default] - This is logback-classic version 1.5.12
19:47:02,027 |-INFO in ch.qos.logback.classic.util.ContextInitializer@4a00d9cf - Here is a list of configurators discovered as a service, by rank: 
19:47:02,027 |-INFO in ch.qos.logback.classic.util.ContextInitializer@4a00d9cf -   org.springframework.boot.logging.logback.RootLogLevelConfigurator
19:47:02,027 |-INFO in ch.qos.logback.classic.util.ContextInitializer@4a00d9cf - They will be invoked in order until ExecutionStatus.DO_NOT_INVOKE_NEXT_IF_ANY is returned.
19:47:02,027 |-INFO in ch.qos.logback.classic.util.ContextInitializer@4a00d9cf - Constructed configurator of type class org.springframework.boot.logging.logback.RootLogLevelConfigurator
19:47:02,032 |-INFO in ch.qos.logback.classic.util.ContextInitializer@4a00d9cf - org.springframework.boot.logging.logback.RootLogLevelConfigurator.configure() call lasted 1 milliseconds. ExecutionStatus=INVOKE_NEXT_IF_ANY
19:47:02,032 |-INFO in ch.qos.logback.classic.util.ContextInitializer@4a00d9cf - Trying to configure with ch.qos.logback.classic.joran.SerializedModelConfigurator
19:47:02,033 |-INFO in ch.qos.logback.classic.util.ContextInitializer@4a00d9cf - Constructed configurator of type class ch.qos.logback.classic.joran.SerializedModelConfigurator
19:47:02,034 |-INFO in ch.qos.logback.classic.LoggerContext[default] - Could NOT find resource [logback-test.scmo]
19:47:02,034 |-INFO in ch.qos.logback.classic.LoggerContext[default] - Could NOT find resource [logback.scmo]
19:47:02,034 |-INFO in ch.qos.logback.classic.util.ContextInitializer@4a00d9cf - ch.qos.logback.classic.joran.SerializedModelConfigurator.configure() call lasted 1 milliseconds. ExecutionStatus=INVOKE_NEXT_IF_ANY
19:47:02,034 |-INFO in ch.qos.logback.classic.util.ContextInitializer@4a00d9cf - Trying to configure with ch.qos.logback.classic.util.DefaultJoranConfigurator
19:47:02,034 |-INFO in ch.qos.logback.classic.util.ContextInitializer@4a00d9cf - Constructed configurator of type class ch.qos.logback.classic.util.DefaultJoranConfigurator
19:47:02,035 |-INFO in ch.qos.logback.classic.LoggerContext[default] - Could NOT find resource [logback-test.xml]
19:47:02,037 |-INFO in ch.qos.logback.classic.LoggerContext[default] - Found resource [logback.xml] at [file:/E:/WoC/WoC_backend/NJUPT-competitionManagement/target/classes/logback.xml]
19:47:02,117 |-INFO in ch.qos.logback.core.model.processor.AppenderModelHandler - Processing appender named [STDOUT]
19:47:02,118 |-INFO in ch.qos.logback.core.model.processor.AppenderModelHandler - About to instantiate appender of type [ch.qos.logback.core.ConsoleAppender]
19:47:02,138 |-WARN in ch.qos.logback.core.model.processor.AppenderModelHandler - Appender named [FILE] not referenced. Skipping further processing.
19:47:02,138 |-INFO in ch.qos.logback.classic.model.processor.RootLoggerModelHandler - Setting level of ROOT logger to INFO
19:47:02,138 |-INFO in ch.qos.logback.core.model.processor.AppenderRefModelHandler - Attaching appender named [STDOUT] to Logger[ROOT]
19:47:02,138 |-INFO in ch.qos.logback.core.model.processor.DefaultProcessor@6736fa8d - End of configuration.
19:47:02,139 |-INFO in ch.qos.logback.classic.joran.JoranConfigurator@52815fa3 - Registering current configuration as safe fallback point
19:47:02,139 |-INFO in ch.qos.logback.classic.util.ContextInitializer@4a00d9cf - ch.qos.logback.classic.util.DefaultJoranConfigurator.configure() call lasted 105 milliseconds. ExecutionStatus=DO_NOT_INVOKE_NEXT_IF_ANY

2025-03-07 19:47:02.20 [main] INFO  o.s.t.c.support.AnnotationConfigContextLoaderUtils - Could not detect default configuration classes for test class [cn.edu.njupt.NjuptCompetitionManagementApplicationTests]: NjuptCompetitionManagementApplicationTests does not declare any static, non-private, non-final, nested classes annotated with @Configuration.
2025-03-07 19:47:02.30 [main] INFO  o.s.b.t.context.SpringBootTestContextBootstrapper - Found @SpringBootConfiguration cn.edu.njupt.NjuptCompetitionManagementApplication for test class cn.edu.njupt.NjuptCompetitionManagementApplicationTests
19:47:02,572 |-INFO in ch.qos.logback.core.model.processor.AppenderModelHandler - Processing appender named [STDOUT]
19:47:02,572 |-INFO in ch.qos.logback.core.model.processor.AppenderModelHandler - About to instantiate appender of type [ch.qos.logback.core.ConsoleAppender]
19:47:02,572 |-WARN in ch.qos.logback.core.model.processor.AppenderModelHandler - Appender named [FILE] not referenced. Skipping further processing.
19:47:02,572 |-INFO in ch.qos.logback.classic.model.processor.RootLoggerModelHandler - Setting level of ROOT logger to INFO
19:47:02,572 |-INFO in ch.qos.logback.classic.jul.LevelChangePropagator@720653c2 - Propagating INFO level on Logger[ROOT] onto the JUL framework
19:47:02,572 |-INFO in ch.qos.logback.core.model.processor.AppenderRefModelHandler - Attaching appender named [STDOUT] to Logger[ROOT]
19:47:02,572 |-INFO in ch.qos.logback.core.model.processor.DefaultProcessor@45f24169 - End of configuration.
19:47:02,572 |-INFO in org.springframework.boot.logging.logback.SpringBootJoranConfigurator@6ad5923a - Registering current configuration as safe fallback point


  .   ____          _            __ _ _
 /\\ / ___'_ __ _ _(_)_ __  __ _ \ \ \ \
( ( )\___ | '_ | '_| | '_ \/ _` | \ \ \ \
 \\/  ___)| |_)| | | | | || (_| |  ) ) ) )
  '  |____| .__|_| |_|_| |_\__, | / / / /
 =========|_|==============|___/=/_/_/_/

 :: Spring Boot ::                (v3.4.1)

2025-03-07 19:47:02.63 [main] INFO  c.e.n.NjuptCompetitionManagementApplicationTests - Starting NjuptCompetitionManagementApplicationTests using Java 17.0.12 with PID 37140 (started by xuzih in E:\WoC\WoC_backend\NJUPT-competitionManagement)
2025-03-07 19:47:02.63 [main] INFO  c.e.n.NjuptCompetitionManagementApplicationTests - No active profile set, falling back to 1 default profile: "default"
2025-03-07 19:47:04.15 [main] INFO  c.e.n.NjuptCompetitionManagementApplicationTests - Started NjuptCompetitionManagementApplicationTests in 1.734 seconds (process running for 2.599)
]]></system-out>
  </testcase>
</testsuite>