<?xml version="1.0" encoding="UTF-8"?>
<testsuite xmlns:xsi="http://www.w3.org/2001/XMLSchema-instance" xsi:noNamespaceSchemaLocation="https://maven.apache.org/surefire/maven-surefire-plugin/xsd/surefire-test-report.xsd" version="3.0.2" name="cn.edu.njupt.NjuptCompetitionManagementApplicationTests" time="2.351" tests="1" errors="0" skipped="0" failures="0">
  <properties>
[...]
</properties>
  <testcase name="contextLoads" classname="cn.edu.njupt.NjuptCompetitionManagementApplicationTests" time="0.713">
    <system-out><![CDATA[14:14:00.741 [main] INFO org.springframework.test.context.support.AnnotationConfigContextLoaderUtils -- Could not detect default configuration classes for test class [cn.edu.njupt.NjuptCompetitionManagementApplicationTests]: NjuptCompetitionManagementApplicationTests does not declare any static, non-private, non-final, nested classes annotated with @Configuration.
14:14:00.810 [main] INFO org.springframework.boot.test.context.SpringBootTestContextBootstrapper -- Found @SpringBootConfiguration cn.edu.njupt.NjuptCompetitionManagementApplication for test class cn.edu.njupt.NjuptCompetitionManagementApplicationTests

  .   ____          _            __ _ _
 /\\ / ___'_ __ _ _(_)_ __  __ _ \ \ \ \
( ( )\___ | '_ | '_| | '_ \/ _` | \ \ \ \
 \\/  ___)| |_)| | | | | || (_| |  ) ) ) )
  '  |____| .__|_| |_|_| |_\__, | / / / /
 =========|_|==============|___/=/_/_/_/

 :: Spring Boot ::                (v3.4.1)

2025-01-23T14:14:01.083+08:00  INFO 12344 --- [NJUPT-competitionManagement] [           main] uptCompetitionManagementApplicationTests : Starting NjuptCompetitionManagementApplicationTests using Java 17.0.12 with PID 12344 (started by xuzih in E:\WoC\NJUPT-competitionManagement)
2025-01-23T14:14:01.084+08:00  INFO 12344 --- [NJUPT-competitionManagement] [           main] uptCompetitionManagementApplicationTests : No active profile set, falling back to 1 default profile: "default"
2025-01-23T14:14:02.263+08:00  INFO 12344 --- [NJUPT-competitionManagement] [           main] uptCompetitionManagementApplicationTests : Started NjuptCompetitionManagementApplicationTests in 1.338 seconds (process running for 1.957)
]]></system-out>
  </testcase>
</testsuite>